  main.cpp
E:\Ecole\RTracing\RayTracing Project\RayTracing Project\vec3.h(33,56): warning C4244: 'argument' : conversion de 'double' en 'const float', perte possible de données
E:\Ecole\RTracing\RayTracing Project\RayTracing Project\vec3.h(128,10): warning C4244: 'initialisation' : conversion de 'double' en 'float', perte possible de données
E:\Ecole\RTracing\RayTracing Project\RayTracing Project\hitable_list.h(25,30): warning C4244: 'argument' : conversion de 'double' en 'float', perte possible de données
E:\Ecole\RTracing\RayTracing Project\RayTracing Project\sphere.h(58,79): warning C4244: 'argument' : conversion de 'double' en 'float', perte possible de données
E:\Ecole\RTracing\RayTracing Project\RayTracing Project\sphere.h(58,52): warning C4244: 'argument' : conversion de 'double' en 'float', perte possible de données
E:\Ecole\RTracing\RayTracing Project\RayTracing Project\sphere.h(58,25): warning C4244: 'argument' : conversion de 'double' en 'float', perte possible de données
E:\Ecole\RTracing\RayTracing Project\RayTracing Project\sphere.h(58,99): warning C4305: 'argument' : troncation de 'double' à 'float'
E:\Ecole\RTracing\RayTracing Project\RayTracing Project\material.h(28,49): warning C4244: 'initialisation' : conversion de 'float' en 'int', perte possible de données
E:\Ecole\RTracing\RayTracing Project\RayTracing Project\material.h(28,73): warning C4244: '=' : conversion de 'float' en 'int', perte possible de données
E:\Ecole\RTracing\RayTracing Project\RayTracing Project\material.h(32,42): warning C4244: 'argument' : conversion de 'const int' en 'float', perte possible de données
E:\Ecole\RTracing\RayTracing Project\RayTracing Project\main.cpp(12,5): warning C4305: 'argument' : troncation de 'double' à 'float'
E:\Ecole\RTracing\RayTracing Project\RayTracing Project\main.cpp(30,11): warning C4244: 'initialisation' : conversion de 'double' en 'float', perte possible de données
E:\Ecole\RTracing\RayTracing Project\RayTracing Project\main.cpp(31,15): warning C4244: 'argument' : conversion de 'double' en 'float', perte possible de données
E:\Ecole\RTracing\RayTracing Project\RayTracing Project\main.cpp(31,66): warning C4305: 'argument' : troncation de 'double' à 'float'
E:\Ecole\RTracing\RayTracing Project\RayTracing Project\main.cpp(48,73): warning C4305: 'argument' : troncation de 'double' à 'float'
E:\Ecole\RTracing\RayTracing Project\RayTracing Project\main.cpp(49,79): warning C4305: 'argument' : troncation de 'double' à 'float'
E:\Ecole\RTracing\RayTracing Project\RayTracing Project\main.cpp(50,72): warning C4305: 'argument' : troncation de 'double' à 'float'
E:\Ecole\RTracing\RayTracing Project\RayTracing Project\main.cpp(50,78): warning C4305: 'argument' : troncation de 'double' à 'float'
E:\Ecole\RTracing\RayTracing Project\RayTracing Project\main.cpp(51,71): warning C4305: 'argument' : troncation de 'double' à 'float'
E:\Ecole\RTracing\RayTracing Project\RayTracing Project\main.cpp(51,77): warning C4305: 'argument' : troncation de 'double' à 'float'
  RayTracing Project.vcxproj -> E:\Ecole\RTracing\RayTracing Project\Debug\RayTracing Project.exe
